<?xml version="1.0" encoding="UTF-8"?>
<!-- Generated by org.testng.reporters.JUnitReportReporter -->
<testsuite skipped="0" hostname="ABHINASH" name="Tests.RoundTripFlight" tests="1" failures="0" timestamp="2021-08-16T17:22:27 IST" time="106.502" errors="0">
  <testcase name="tc_flight_roundtrip01" time="106.502" classname="Tests.RoundTripFlight"/>
  <system-out/>
</testsuite> <!-- Tests.RoundTripFlight -->
