<?xml version="1.0" encoding="UTF-8"?>
<!-- Generated by org.testng.reporters.JUnitReportReporter -->
<testsuite skipped="0" hostname="ABHINASH" name="Tests.FlightSearch" tests="1" failures="0" timestamp="2021-08-12T14:08:30 IST" time="23.140" errors="0">
  <testcase name="tc_flight_search01" time="23.140" classname="Tests.FlightSearch"/>
  <system-out/>
</testsuite> <!-- Tests.FlightSearch -->
