<?xml version="1.0" encoding="UTF-8"?>
<!-- Generated by org.testng.reporters.JUnitReportReporter -->
<testsuite skipped="0" hostname="ABHINASH" name="tests.FlightOneWayTripTests" tests="2" failures="0" timestamp="2021-08-15T01:00:17 IST" time="54.993" errors="0">
  <testcase name="tc_flight_search02" time="14.152" classname="tests.FlightOneWayTripTests"/>
  <system-out/>
  <testcase name="tc_flight_search01" time="40.841" classname="tests.FlightOneWayTripTests"/>
  <system-out/>
</testsuite> <!-- tests.FlightOneWayTripTests -->
