<?xml version="1.0" encoding="UTF-8"?>
<!-- Generated by org.testng.reporters.JUnitReportReporter -->
<testsuite skipped="0" hostname="ABHINASH" name="Tests.HotelSelect" tests="1" failures="0" timestamp="2021-08-13T09:56:55 IST" time="43.035" errors="0">
  <testcase name="tc_hotel_book02" time="43.035" classname="Tests.HotelSelect"/>
  <system-out/>
</testsuite> <!-- Tests.HotelSelect -->
