<?xml version="1.0" encoding="UTF-8"?>
<!-- Generated by org.testng.reporters.JUnitReportReporter -->
<testsuite skipped="0" hostname="ABHINASH" name="Tests.LoginTests" tests="1" failures="0" timestamp="2021-08-12T10:44:06 IST" time="16.115" errors="0">
  <testcase name="tc_login01" time="16.115" classname="Tests.LoginTests"/>
  <system-out/>
</testsuite> <!-- Tests.LoginTests -->
