<?xml version="1.0" encoding="UTF-8"?>
<!-- Generated by org.testng.reporters.JUnitReportReporter -->
<testsuite skipped="0" hostname="ABHINASH" name="Pages.HotelSelect" tests="1" failures="0" timestamp="2021-08-12T15:39:57 IST" time="38.650" errors="0">
  <testcase name="tc_hotel_book02" time="38.650" classname="Pages.HotelSelect"/>
  <system-out/>
</testsuite> <!-- Pages.HotelSelect -->
